<?xml version="1.0" encoding="UTF-8"?>
<!-- Generated by org.testng.reporters.JUnitReportReporter -->
<testsuite hostname="HIBAIL56712" name="testcase.InputFormSubmit" tests="1" failures="0" timestamp="17 Jul 2017 06:27:42 GMT" time="10.606" errors="0">
  <testcase name="validatingFieldsData" time="10.606" classname="testcase.InputFormSubmit"/>
</testsuite> <!-- testcase.InputFormSubmit -->
