<?xml version="1.0" encoding="UTF-8"?>
<!-- Generated by org.testng.reporters.JUnitReportReporter -->
<testsuite hostname="HIBAIL56712" name="testcase.RangeSliders" tests="1" failures="0" timestamp="17 Jul 2017 09:46:20 GMT" time="32.952" errors="0">
  <testcase name="validatingFieldsData" time="32.952" classname="testcase.RangeSliders"/>
</testsuite> <!-- testcase.RangeSliders -->
