<?xml version="1.0" encoding="UTF-8"?>
<!-- Generated by org.testng.reporters.JUnitReportReporter -->
<testsuite hostname="HIBAIL56712" name="com.automation.testcases.InputFormSubmitPageTest" tests="3" failures="0" timestamp="25 Jul 2017 08:07:16 GMT" time="18.794" errors="0">
  <testcase name="validatingFieldsData" time="10.373" classname="com.automation.testcases.InputFormSubmitPageTest"/>
  <testcase name="enterInputFormDetails" time="4.202" classname="com.automation.testcases.InputFormSubmitPageTest"/>
  <testcase name="enterInputFormDetails" time="4.219" classname="com.automation.testcases.InputFormSubmitPageTest"/>
</testsuite> <!-- com.automation.testcases.InputFormSubmitPageTest -->
