<?xml version="1.0" encoding="UTF-8"?>
<!-- Generated by org.testng.reporters.JUnitReportReporter -->
<testsuite hostname="HIBAIL56712" name="testcase.AjaxFormSubmit" tests="1" failures="0" timestamp="15 Jul 2017 07:16:48 GMT" time="10.758" errors="0">
  <testcase name="validatingFieldsData" time="10.758" classname="testcase.AjaxFormSubmit"/>
</testsuite> <!-- testcase.AjaxFormSubmit -->
