<?xml version="1.0" encoding="UTF-8"?>
<!-- Generated by org.testng.reporters.JUnitReportReporter -->
<testsuite name="com.automation.testcases.InputFormSubmitPageTest" tests="3" time="19.447" ignored="2" failures="0" timestamp="25 Jul 2017 04:21:03 GMT" skipped="0" hostname="HIBAIL56712" errors="0">
  <testcase name="validatingFieldsData" time="10.387" classname="com.automation.testcases.InputFormSubmitPageTest"/>
  <testcase name="enterInputFormDetails" time="4.745" classname="com.automation.testcases.InputFormSubmitPageTest"/>
  <testcase name="enterInputFormDetails" time="4.315" classname="com.automation.testcases.InputFormSubmitPageTest"/>
  <testcase name="before" classname="com.automation.base.TestBase">
    <skipped/>
  </testcase> <!-- before -->
  <testcase name="after" classname="com.automation.base.TestBase">
    <skipped/>
  </testcase> <!-- after -->
</testsuite> <!-- com.automation.testcases.InputFormSubmitPageTest -->
